<?xml version="1.0" encoding="UTF-8"?>
<testsuite xmlns:xsi="http://www.w3.org/2001/XMLSchema-instance" xsi:noNamespaceSchemaLocation="https://maven.apache.org/surefire/maven-surefire-plugin/xsd/surefire-test-report-3.0.xsd" version="3.0" name="appiumTest.TestCase.Rough" time="0.929" tests="4" errors="0" skipped="3" failures="1">
  <properties>
[...]
</properties>
  <testcase name="Capabilities" classname="appiumTest.TestCase.Rough" time="0.82">
    <failure message="It is impossible to create a new session because &apos;createSession&apos; which takes HttpClient, InputStream and long was not found or it is not accessible&#10;Build info: version: &apos;3.141.59&apos;, revision: &apos;e82be7d358&apos;, time: &apos;2018-11-14T08:17:03&apos;&#10;System info: host: &apos;2015s-MacBook-Pro.local&apos;, ip: &apos;fe80:0:0:0:c87:b75:8bca:a7b3%en0&apos;, os.name: &apos;Mac OS X&apos;, os.arch: &apos;x86_64&apos;, os.version: &apos;10.15.2&apos;, java.version: &apos;13.0.1&apos;&#10;Driver info: driver.version: EnhancedAndroidDriver" type="org.openqa.selenium.WebDriverException">org.openqa.selenium.WebDriverException: 
It is impossible to create a new session because 'createSession' which takes HttpClient, InputStream and long was not found or it is not accessible
Build info: version: '3.141.59', revision: 'e82be7d358', time: '2018-11-14T08:17:03'
System info: host: '2015s-MacBook-Pro.local', ip: 'fe80:0:0:0:c87:b75:8bca:a7b3%en0', os.name: 'Mac OS X', os.arch: 'x86_64', os.version: '10.15.2', java.version: '13.0.1'
Driver info: driver.version: EnhancedAndroidDriver
Caused by: java.lang.reflect.InvocationTargetException
Caused by: org.openqa.selenium.WebDriverException: 
An unknown server-side error occurred while processing the command. Original error: The application at '/Users/netowsolutions/Documents/Parallelscore/Mobile-Automation/mc-appium/src/test/resources/executables/app-release.apk' does not exist or is not accessible
Build info: version: '3.141.59', revision: 'e82be7d358', time: '2018-11-14T08:17:03'
System info: host: '2015s-MacBook-Pro.local', ip: 'fe80:0:0:0:c87:b75:8bca:a7b3%en0', os.name: 'Mac OS X', os.arch: 'x86_64', os.version: '10.15.2', java.version: '13.0.1'
Driver info: driver.version: EnhancedAndroidDriver
remote stacktrace: UnknownError: An unknown server-side error occurred while processing the command. Original error: The application at '/Users/netowsolutions/Documents/Parallelscore/Mobile-Automation/mc-appium/src/test/resources/executables/app-release.apk' does not exist or is not accessible
    at getResponseForW3CError (/Users/netowsolutions/.nvm/versions/node/v10.15.2/lib/node_modules/appium/node_modules/appium-base-driver/lib/protocol/errors.js:804:9)
    at asyncHandler (/Users/netowsolutions/.nvm/versions/node/v10.15.2/lib/node_modules/appium/node_modules/appium-base-driver/lib/protocol/protocol.js:388:37)
</failure>
    <system-err><![CDATA[log4j:WARN No appenders could be found for logger (devpinoyLogger).
log4j:WARN Please initialize the log4j system properly.
log4j:WARN See http://logging.apache.org/log4j/1.2/faq.html#noconfig for more info.
]]></system-err>
  </testcase>
  <testcase name="setUp" classname="appiumTest.TestCase.Rough" time="0">
    <skipped/>
  </testcase>
  <testcase name="loginR" classname="appiumTest.TestCase.Rough" time="0">
    <skipped message="It is impossible to create a new session because &apos;createSession&apos; which takes HttpClient, InputStream and long was not found or it is not accessible&#10;Build info: version: &apos;3.141.59&apos;, revision: &apos;e82be7d358&apos;, time: &apos;2018-11-14T08:17:03&apos;&#10;System info: host: &apos;2015s-MacBook-Pro.local&apos;, ip: &apos;fe80:0:0:0:c87:b75:8bca:a7b3%en0&apos;, os.name: &apos;Mac OS X&apos;, os.arch: &apos;x86_64&apos;, os.version: &apos;10.15.2&apos;, java.version: &apos;13.0.1&apos;&#10;Driver info: driver.version: EnhancedAndroidDriver"/>
  </testcase>
  <testcase name="TearDown" classname="appiumTest.TestCase.Rough" time="0">
    <skipped/>
  </testcase>
</testsuite>